<?xml version="1.0" encoding="UTF-8"?>
<testng-results ignored="0" total="5" passed="5" failed="0" skipped="0">
  <reporter-output>
  </reporter-output>
  <suite started-at="2022-01-20T11:27:04 EST" name="Component Tests" finished-at="2022-01-20T11:28:29 EST" duration-ms="85781">
    <groups>
    </groups>
    <test started-at="2022-01-20T11:27:04 EST" name="a-t1" finished-at="2022-01-20T11:28:29 EST" duration-ms="85781">
      <class name="BuffSciMethod">
        <test-method is-config="true" signature="setDriver()[pri:0, instance:BuffSciMethod@7219ec67]" started-at="2022-01-20T11:27:04 EST" name="setDriver" finished-at="2022-01-20T11:27:11 EST" duration-ms="7462" status="PASS">
          <reporter-output>
          </reporter-output>
        </test-method> <!-- setDriver -->
        <test-method signature="aboutAndAchivementButonsMethod()[pri:0, instance:BuffSciMethod@7219ec67]" started-at="2022-01-20T11:27:11 EST" name="aboutAndAchivementButonsMethod" finished-at="2022-01-20T11:27:14 EST" duration-ms="3130" status="PASS">
          <reporter-output>
          </reporter-output>
        </test-method> <!-- aboutAndAchivementButonsMethod -->
        <test-method is-config="true" signature="quit()[pri:0, instance:BuffSciMethod@7219ec67]" started-at="2022-01-20T11:27:14 EST" name="quit" finished-at="2022-01-20T11:27:24 EST" duration-ms="10233" status="PASS">
          <reporter-output>
          </reporter-output>
        </test-method> <!-- quit -->
        <test-method is-config="true" signature="setDriver()[pri:0, instance:BuffSciMethod@7219ec67]" started-at="2022-01-20T11:27:24 EST" name="setDriver" finished-at="2022-01-20T11:27:29 EST" duration-ms="4495" status="PASS">
          <reporter-output>
          </reporter-output>
        </test-method> <!-- setDriver -->
        <test-method signature="itHelpDesk()[pri:0, instance:BuffSciMethod@7219ec67]" started-at="2022-01-20T11:27:29 EST" name="itHelpDesk" finished-at="2022-01-20T11:27:31 EST" duration-ms="2603" status="PASS">
          <reporter-output>
          </reporter-output>
        </test-method> <!-- itHelpDesk -->
        <test-method is-config="true" signature="quit()[pri:0, instance:BuffSciMethod@7219ec67]" started-at="2022-01-20T11:27:31 EST" name="quit" finished-at="2022-01-20T11:27:42 EST" duration-ms="10247" status="PASS">
          <reporter-output>
          </reporter-output>
        </test-method> <!-- quit -->
        <test-method is-config="true" signature="setDriver()[pri:0, instance:BuffSciMethod@7219ec67]" started-at="2022-01-20T11:27:42 EST" name="setDriver" finished-at="2022-01-20T11:27:46 EST" duration-ms="4597" status="PASS">
          <reporter-output>
          </reporter-output>
        </test-method> <!-- setDriver -->
        <test-method signature="schoolsMenuMethod()[pri:0, instance:BuffSciMethod@7219ec67]" started-at="2022-01-20T11:27:46 EST" name="schoolsMenuMethod" finished-at="2022-01-20T11:27:47 EST" duration-ms="200" status="PASS">
          <reporter-output>
          </reporter-output>
        </test-method> <!-- schoolsMenuMethod -->
        <test-method is-config="true" signature="quit()[pri:0, instance:BuffSciMethod@7219ec67]" started-at="2022-01-20T11:27:47 EST" name="quit" finished-at="2022-01-20T11:27:57 EST" duration-ms="10213" status="PASS">
          <reporter-output>
          </reporter-output>
        </test-method> <!-- quit -->
        <test-method is-config="true" signature="setDriver()[pri:0, instance:BuffSciMethod@7219ec67]" started-at="2022-01-20T11:27:57 EST" name="setDriver" finished-at="2022-01-20T11:28:01 EST" duration-ms="4461" status="PASS">
          <reporter-output>
          </reporter-output>
        </test-method> <!-- setDriver -->
        <test-method signature="sendUsAMessage()[pri:0, instance:BuffSciMethod@7219ec67]" started-at="2022-01-20T11:28:01 EST" name="sendUsAMessage" finished-at="2022-01-20T11:28:03 EST" duration-ms="1562" status="PASS">
          <reporter-output>
          </reporter-output>
        </test-method> <!-- sendUsAMessage -->
        <test-method is-config="true" signature="quit()[pri:0, instance:BuffSciMethod@7219ec67]" started-at="2022-01-20T11:28:03 EST" name="quit" finished-at="2022-01-20T11:28:13 EST" duration-ms="10203" status="PASS">
          <reporter-output>
          </reporter-output>
        </test-method> <!-- quit -->
        <test-method is-config="true" signature="setDriver()[pri:0, instance:BuffSciMethod@7219ec67]" started-at="2022-01-20T11:28:13 EST" name="setDriver" finished-at="2022-01-20T11:28:18 EST" duration-ms="4994" status="PASS">
          <reporter-output>
          </reporter-output>
        </test-method> <!-- setDriver -->
        <test-method signature="setBannerPage()[pri:0, instance:BuffSciMethod@7219ec67]" started-at="2022-01-20T11:28:18 EST" name="setBannerPage" finished-at="2022-01-20T11:28:19 EST" duration-ms="1102" status="PASS">
          <reporter-output>
          </reporter-output>
        </test-method> <!-- setBannerPage -->
        <test-method is-config="true" signature="quit()[pri:0, instance:BuffSciMethod@7219ec67]" started-at="2022-01-20T11:28:19 EST" name="quit" finished-at="2022-01-20T11:28:29 EST" duration-ms="10240" status="PASS">
          <reporter-output>
          </reporter-output>
        </test-method> <!-- quit -->
      </class> <!-- BuffSciMethod -->
    </test> <!-- a-t1 -->
  </suite> <!-- Component Tests -->
</testng-results>
