<?xml version="1.0" encoding="UTF-8"?>
<!-- Generated by org.testng.reporters.JUnitXMLReporter -->
<testsuite ignored="0" hostname="C02D8DSBMNHP.local" failures="0" tests="5" name="a-t1" time="85.781" errors="0" timestamp="2022-01-20T11:28:30 EST">
  <testcase classname="BuffSciMethod" name="aboutAndAchivementButonsMethod" time="3.13"/>
  <testcase classname="BuffSciMethod" name="itHelpDesk" time="2.603"/>
  <testcase classname="BuffSciMethod" name="schoolsMenuMethod" time="0.2"/>
  <testcase classname="BuffSciMethod" name="sendUsAMessage" time="1.562"/>
  <testcase classname="BuffSciMethod" name="setBannerPage" time="1.102"/>
</testsuite> <!-- a-t1 -->
